#! /usr/bin/vvp
:ivl_version "11.0 (stable)";
:ivl_delay_selection "TYPICAL";
:vpi_time_precision - 12;
:vpi_module "/usr/lib/x86_64-linux-gnu/ivl/system.vpi";
:vpi_module "/usr/lib/x86_64-linux-gnu/ivl/vhdl_sys.vpi";
:vpi_module "/usr/lib/x86_64-linux-gnu/ivl/vhdl_textio.vpi";
:vpi_module "/usr/lib/x86_64-linux-gnu/ivl/v2005_math.vpi";
:vpi_module "/usr/lib/x86_64-linux-gnu/ivl/va_math.vpi";
S_0x617989cebd50 .scope module, "tb_alu_8bit" "tb_alu_8bit" 2 3;
 .timescale -9 -12;
v0x617989d24e90_0 .var "A", 7 0;
v0x617989d24fa0_0 .var "ALU_Sel", 2 0;
v0x617989d25070_0 .var "B", 7 0;
v0x617989d25170_0 .var "Cin", 0 0;
v0x617989d25240_0 .net "Result", 7 0, L_0x617989d25480;  1 drivers
v0x617989d252e0_0 .var "clk", 0 0;
v0x617989d253b0_0 .var "rst", 0 0;
S_0x617989cff4a0 .scope module, "dut" "alu_8bit_top" 2 15, 3 1 0, S_0x617989cebd50;
 .timescale 0 0;
    .port_info 0 /INPUT 1 "clk";
    .port_info 1 /INPUT 1 "rst";
    .port_info 2 /INPUT 8 "A";
    .port_info 3 /INPUT 8 "B";
    .port_info 4 /INPUT 3 "ALU_Sel";
    .port_info 5 /INPUT 1 "Cin";
    .port_info 6 /OUTPUT 8 "Result";
L_0x617989d25480 .functor BUFZ 8, v0x617989d23fb0_0, C4<00000000>, C4<00000000>, C4<00000000>;
v0x617989d24430_0 .net "A", 7 0, v0x617989d24e90_0;  1 drivers
v0x617989d24530_0 .net "ALU_Sel", 2 0, v0x617989d24fa0_0;  1 drivers
v0x617989d24610_0 .var "A_r", 7 0;
v0x617989d246e0_0 .net "B", 7 0, v0x617989d25070_0;  1 drivers
v0x617989d247a0_0 .var "B_r", 7 0;
v0x617989d24860_0 .net "Cin", 0 0, v0x617989d25170_0;  1 drivers
v0x617989d24900_0 .var "Cin_r", 0 0;
v0x617989d249d0_0 .net "Result", 7 0, L_0x617989d25480;  alias, 1 drivers
v0x617989d24a90_0 .net "Result_w", 7 0, v0x617989d23fb0_0;  1 drivers
v0x617989d24b80_0 .var "Sel_r", 2 0;
v0x617989d24c50_0 .net "clk", 0 0, v0x617989d252e0_0;  1 drivers
v0x617989d24cf0_0 .net "rst", 0 0, v0x617989d253b0_0;  1 drivers
E_0x617989cf85c0 .event posedge, v0x617989d24cf0_0, v0x617989d24c50_0;
S_0x617989cff6e0 .scope module, "u_alu" "alu_8bit" 3 30, 4 1 0, S_0x617989cff4a0;
 .timescale 0 0;
    .port_info 0 /INPUT 8 "A";
    .port_info 1 /INPUT 8 "B";
    .port_info 2 /INPUT 3 "ALU_Sel";
    .port_info 3 /INPUT 1 "Cin";
    .port_info 4 /OUTPUT 8 "Result";
    .port_info 5 /OUTPUT 1 "Cout";
    .port_info 6 /OUTPUT 1 "Zero";
    .port_info 7 /OUTPUT 1 "Negative";
    .port_info 8 /OUTPUT 1 "Overflow";
v0x617989d043f0_0 .net "A", 7 0, v0x617989d24610_0;  1 drivers
v0x617989d23ac0_0 .net "ALU_Sel", 2 0, v0x617989d24b80_0;  1 drivers
v0x617989d23ba0_0 .net "B", 7 0, v0x617989d247a0_0;  1 drivers
v0x617989d23c60_0 .net "Cin", 0 0, v0x617989d24900_0;  1 drivers
v0x617989d23d20_0 .var "Cout", 0 0;
v0x617989d23e30_0 .var "Negative", 0 0;
v0x617989d23ef0_0 .var "Overflow", 0 0;
v0x617989d23fb0_0 .var "Result", 7 0;
v0x617989d24090_0 .var "Zero", 0 0;
v0x617989d24150_0 .var "diff", 8 0;
v0x617989d24230_0 .var "sum", 8 0;
E_0x617989cf8270/0 .event edge, v0x617989d23ac0_0, v0x617989d043f0_0, v0x617989d23ba0_0, v0x617989d23c60_0;
E_0x617989cf8270/1 .event edge, v0x617989d24230_0, v0x617989d23fb0_0, v0x617989d24150_0;
E_0x617989cf8270 .event/or E_0x617989cf8270/0, E_0x617989cf8270/1;
    .scope S_0x617989cff6e0;
T_0 ;
    %wait E_0x617989cf8270;
    %pushi/vec4 0, 0, 8;
    %store/vec4 v0x617989d23fb0_0, 0, 8;
    %pushi/vec4 0, 0, 1;
    %store/vec4 v0x617989d23d20_0, 0, 1;
    %pushi/vec4 0, 0, 1;
    %store/vec4 v0x617989d23ef0_0, 0, 1;
    %load/vec4 v0x617989d23ac0_0;
    %dup/vec4;
    %pushi/vec4 0, 0, 3;
    %cmp/u;
    %jmp/1 T_0.0, 6;
    %dup/vec4;
    %pushi/vec4 1, 0, 3;
    %cmp/u;
    %jmp/1 T_0.1, 6;
    %dup/vec4;
    %pushi/vec4 2, 0, 3;
    %cmp/u;
    %jmp/1 T_0.2, 6;
    %dup/vec4;
    %pushi/vec4 3, 0, 3;
    %cmp/u;
    %jmp/1 T_0.3, 6;
    %dup/vec4;
    %pushi/vec4 4, 0, 3;
    %cmp/u;
    %jmp/1 T_0.4, 6;
    %dup/vec4;
    %pushi/vec4 5, 0, 3;
    %cmp/u;
    %jmp/1 T_0.5, 6;
    %dup/vec4;
    %pushi/vec4 6, 0, 3;
    %cmp/u;
    %jmp/1 T_0.6, 6;
    %dup/vec4;
    %pushi/vec4 7, 0, 3;
    %cmp/u;
    %jmp/1 T_0.7, 6;
    %pushi/vec4 0, 0, 8;
    %store/vec4 v0x617989d23fb0_0, 0, 8;
    %jmp T_0.9;
T_0.0 ;
    %pushi/vec4 0, 0, 1;
    %load/vec4 v0x617989d043f0_0;
    %concat/vec4; draw_concat_vec4
    %pushi/vec4 0, 0, 1;
    %load/vec4 v0x617989d23ba0_0;
    %concat/vec4; draw_concat_vec4
    %add;
    %load/vec4 v0x617989d23c60_0;
    %pad/u 9;
    %add;
    %store/vec4 v0x617989d24230_0, 0, 9;
    %load/vec4 v0x617989d24230_0;
    %parti/s 8, 0, 2;
    %store/vec4 v0x617989d23fb0_0, 0, 8;
    %load/vec4 v0x617989d24230_0;
    %parti/s 1, 8, 5;
    %store/vec4 v0x617989d23d20_0, 0, 1;
    %load/vec4 v0x617989d043f0_0;
    %parti/s 1, 7, 4;
    %load/vec4 v0x617989d23ba0_0;
    %parti/s 1, 7, 4;
    %xor;
    %inv;
    %load/vec4 v0x617989d23fb0_0;
    %parti/s 1, 7, 4;
    %load/vec4 v0x617989d043f0_0;
    %parti/s 1, 7, 4;
    %xor;
    %and;
    %store/vec4 v0x617989d23ef0_0, 0, 1;
    %jmp T_0.9;
T_0.1 ;
    %pushi/vec4 0, 0, 1;
    %load/vec4 v0x617989d043f0_0;
    %concat/vec4; draw_concat_vec4
    %pushi/vec4 0, 0, 1;
    %load/vec4 v0x617989d23ba0_0;
    %concat/vec4; draw_concat_vec4
    %sub;
    %store/vec4 v0x617989d24150_0, 0, 9;
    %load/vec4 v0x617989d24150_0;
    %parti/s 8, 0, 2;
    %store/vec4 v0x617989d23fb0_0, 0, 8;
    %load/vec4 v0x617989d24150_0;
    %parti/s 1, 8, 5;
    %store/vec4 v0x617989d23d20_0, 0, 1;
    %load/vec4 v0x617989d043f0_0;
    %parti/s 1, 7, 4;
    %load/vec4 v0x617989d23ba0_0;
    %parti/s 1, 7, 4;
    %xor;
    %load/vec4 v0x617989d23fb0_0;
    %parti/s 1, 7, 4;
    %load/vec4 v0x617989d043f0_0;
    %parti/s 1, 7, 4;
    %xor;
    %and;
    %store/vec4 v0x617989d23ef0_0, 0, 1;
    %jmp T_0.9;
T_0.2 ;
    %load/vec4 v0x617989d043f0_0;
    %load/vec4 v0x617989d23ba0_0;
    %and;
    %store/vec4 v0x617989d23fb0_0, 0, 8;
    %jmp T_0.9;
T_0.3 ;
    %load/vec4 v0x617989d043f0_0;
    %load/vec4 v0x617989d23ba0_0;
    %or;
    %store/vec4 v0x617989d23fb0_0, 0, 8;
    %jmp T_0.9;
T_0.4 ;
    %load/vec4 v0x617989d043f0_0;
    %load/vec4 v0x617989d23ba0_0;
    %xor;
    %store/vec4 v0x617989d23fb0_0, 0, 8;
    %jmp T_0.9;
T_0.5 ;
    %load/vec4 v0x617989d043f0_0;
    %inv;
    %store/vec4 v0x617989d23fb0_0, 0, 8;
    %jmp T_0.9;
T_0.6 ;
    %load/vec4 v0x617989d043f0_0;
    %ix/load 4, 1, 0;
    %flag_set/imm 4, 0;
    %shiftl 4;
    %store/vec4 v0x617989d23fb0_0, 0, 8;
    %load/vec4 v0x617989d043f0_0;
    %parti/s 1, 7, 4;
    %store/vec4 v0x617989d23d20_0, 0, 1;
    %jmp T_0.9;
T_0.7 ;
    %load/vec4 v0x617989d043f0_0;
    %ix/load 4, 1, 0;
    %flag_set/imm 4, 0;
    %shiftr 4;
    %store/vec4 v0x617989d23fb0_0, 0, 8;
    %load/vec4 v0x617989d043f0_0;
    %parti/s 1, 0, 2;
    %store/vec4 v0x617989d23d20_0, 0, 1;
    %jmp T_0.9;
T_0.9 ;
    %pop/vec4 1;
    %load/vec4 v0x617989d23fb0_0;
    %pushi/vec4 0, 0, 8;
    %cmp/e;
    %flag_get/vec4 4;
    %store/vec4 v0x617989d24090_0, 0, 1;
    %load/vec4 v0x617989d23fb0_0;
    %parti/s 1, 7, 4;
    %store/vec4 v0x617989d23e30_0, 0, 1;
    %jmp T_0;
    .thread T_0, $push;
    .scope S_0x617989cff4a0;
T_1 ;
    %wait E_0x617989cf85c0;
    %load/vec4 v0x617989d24cf0_0;
    %flag_set/vec4 8;
    %jmp/0xz  T_1.0, 8;
    %pushi/vec4 0, 0, 8;
    %assign/vec4 v0x617989d24610_0, 0;
    %pushi/vec4 0, 0, 8;
    %assign/vec4 v0x617989d247a0_0, 0;
    %pushi/vec4 0, 0, 3;
    %assign/vec4 v0x617989d24b80_0, 0;
    %pushi/vec4 0, 0, 1;
    %assign/vec4 v0x617989d24900_0, 0;
    %jmp T_1.1;
T_1.0 ;
    %load/vec4 v0x617989d24430_0;
    %assign/vec4 v0x617989d24610_0, 0;
    %load/vec4 v0x617989d246e0_0;
    %assign/vec4 v0x617989d247a0_0, 0;
    %load/vec4 v0x617989d24530_0;
    %assign/vec4 v0x617989d24b80_0, 0;
    %load/vec4 v0x617989d24860_0;
    %assign/vec4 v0x617989d24900_0, 0;
T_1.1 ;
    %jmp T_1;
    .thread T_1;
    .scope S_0x617989cebd50;
T_2 ;
    %delay 5000, 0;
    %load/vec4 v0x617989d252e0_0;
    %inv;
    %store/vec4 v0x617989d252e0_0, 0, 1;
    %jmp T_2;
    .thread T_2;
    .scope S_0x617989cebd50;
T_3 ;
    %vpi_call 2 30 "$dumpfile", "alu_8bit.vcd" {0 0 0};
    %vpi_call 2 31 "$dumpvars", 32'sb00000000000000000000000000000000, S_0x617989cebd50 {0 0 0};
    %pushi/vec4 0, 0, 1;
    %store/vec4 v0x617989d252e0_0, 0, 1;
    %pushi/vec4 1, 0, 1;
    %store/vec4 v0x617989d253b0_0, 0, 1;
    %pushi/vec4 0, 0, 8;
    %store/vec4 v0x617989d24e90_0, 0, 8;
    %pushi/vec4 0, 0, 8;
    %store/vec4 v0x617989d25070_0, 0, 8;
    %pushi/vec4 0, 0, 3;
    %store/vec4 v0x617989d24fa0_0, 0, 3;
    %pushi/vec4 0, 0, 1;
    %store/vec4 v0x617989d25170_0, 0, 1;
    %delay 20000, 0;
    %pushi/vec4 0, 0, 1;
    %store/vec4 v0x617989d253b0_0, 0, 1;
    %pushi/vec4 0, 0, 3;
    %store/vec4 v0x617989d24fa0_0, 0, 3;
    %pushi/vec4 10, 0, 8;
    %store/vec4 v0x617989d24e90_0, 0, 8;
    %pushi/vec4 5, 0, 8;
    %store/vec4 v0x617989d25070_0, 0, 8;
    %pushi/vec4 0, 0, 1;
    %store/vec4 v0x617989d25170_0, 0, 1;
    %delay 10000, 0;
    %pushi/vec4 200, 0, 8;
    %store/vec4 v0x617989d24e90_0, 0, 8;
    %pushi/vec4 100, 0, 8;
    %store/vec4 v0x617989d25070_0, 0, 8;
    %pushi/vec4 0, 0, 1;
    %store/vec4 v0x617989d25170_0, 0, 1;
    %delay 10000, 0;
    %pushi/vec4 1, 0, 3;
    %store/vec4 v0x617989d24fa0_0, 0, 3;
    %pushi/vec4 50, 0, 8;
    %store/vec4 v0x617989d24e90_0, 0, 8;
    %pushi/vec4 20, 0, 8;
    %store/vec4 v0x617989d25070_0, 0, 8;
    %delay 10000, 0;
    %pushi/vec4 20, 0, 8;
    %store/vec4 v0x617989d24e90_0, 0, 8;
    %pushi/vec4 50, 0, 8;
    %store/vec4 v0x617989d25070_0, 0, 8;
    %delay 10000, 0;
    %pushi/vec4 2, 0, 3;
    %store/vec4 v0x617989d24fa0_0, 0, 3;
    %pushi/vec4 170, 0, 8;
    %store/vec4 v0x617989d24e90_0, 0, 8;
    %pushi/vec4 15, 0, 8;
    %store/vec4 v0x617989d25070_0, 0, 8;
    %delay 10000, 0;
    %pushi/vec4 3, 0, 3;
    %store/vec4 v0x617989d24fa0_0, 0, 3;
    %pushi/vec4 85, 0, 8;
    %store/vec4 v0x617989d24e90_0, 0, 8;
    %pushi/vec4 15, 0, 8;
    %store/vec4 v0x617989d25070_0, 0, 8;
    %delay 10000, 0;
    %pushi/vec4 4, 0, 3;
    %store/vec4 v0x617989d24fa0_0, 0, 3;
    %pushi/vec4 255, 0, 8;
    %store/vec4 v0x617989d24e90_0, 0, 8;
    %pushi/vec4 15, 0, 8;
    %store/vec4 v0x617989d25070_0, 0, 8;
    %delay 10000, 0;
    %pushi/vec4 5, 0, 3;
    %store/vec4 v0x617989d24fa0_0, 0, 3;
    %pushi/vec4 15, 0, 8;
    %store/vec4 v0x617989d24e90_0, 0, 8;
    %delay 10000, 0;
    %pushi/vec4 6, 0, 3;
    %store/vec4 v0x617989d24fa0_0, 0, 3;
    %pushi/vec4 145, 0, 8;
    %store/vec4 v0x617989d24e90_0, 0, 8;
    %delay 10000, 0;
    %pushi/vec4 7, 0, 3;
    %store/vec4 v0x617989d24fa0_0, 0, 3;
    %pushi/vec4 145, 0, 8;
    %store/vec4 v0x617989d24e90_0, 0, 8;
    %delay 10000, 0;
    %delay 20000, 0;
    %vpi_call 2 107 "$finish" {0 0 0};
    %end;
    .thread T_3;
# The file index is used to find the file name in the following table.
:file_names 5;
    "N/A";
    "<interactive>";
    "tb_alu_8bit.v";
    "alu_8bit_top.v";
    "alu_8bit.v";
